2018-11-17 15:06:58,651 INFO  [Log] **************************************************************************************** 
2018-11-17 15:06:58,652 INFO  [Log] **************************************************************************************** 
2018-11-17 15:06:58,652 INFO  [Log] $$$$$$$$$$$$$$$$$$$$$                 Registration_TC01       $$$$$$$$$$$$$$$$$$$$$$$$$ 
2018-11-17 15:06:58,652 INFO  [Log] **************************************************************************************** 
2018-11-17 15:06:58,652 INFO  [Log] **************************************************************************************** 
2018-11-17 15:13:55,267 INFO  [Log] **************************************************************************************** 
2018-11-17 15:13:55,269 INFO  [Log] **************************************************************************************** 
2018-11-17 15:13:55,269 INFO  [Log] $$$$$$$$$$$$$$$$$$$$$                 Registration_TC01       $$$$$$$$$$$$$$$$$$$$$$$$$ 
2018-11-17 15:13:55,269 INFO  [Log] **************************************************************************************** 
2018-11-17 15:13:55,269 INFO  [Log] **************************************************************************************** 
2018-11-17 15:19:08,469 INFO  [Log] **************************************************************************************** 
2018-11-17 15:19:08,501 INFO  [Log] **************************************************************************************** 
2018-11-17 15:19:08,501 INFO  [Log] $$$$$$$$$$$$$$$$$$$$$                 Registration_TC01       $$$$$$$$$$$$$$$$$$$$$$$$$ 
2018-11-17 15:19:08,501 INFO  [Log] **************************************************************************************** 
2018-11-17 15:19:08,501 INFO  [Log] **************************************************************************************** 
2018-11-17 15:24:23,139 INFO  [Log] **************************************************************************************** 
2018-11-17 15:24:23,140 INFO  [Log] **************************************************************************************** 
2018-11-17 15:24:23,140 INFO  [Log] $$$$$$$$$$$$$$$$$$$$$                 Registration_TC01       $$$$$$$$$$$$$$$$$$$$$$$$$ 
2018-11-17 15:24:23,140 INFO  [Log] **************************************************************************************** 
2018-11-17 15:24:23,140 INFO  [Log] **************************************************************************************** 
2018-11-17 15:26:38,272 INFO  [Log] **************************************************************************************** 
2018-11-17 15:26:38,273 INFO  [Log] **************************************************************************************** 
2018-11-17 15:26:38,273 INFO  [Log] $$$$$$$$$$$$$$$$$$$$$                 Registration_TC01       $$$$$$$$$$$$$$$$$$$$$$$$$ 
2018-11-17 15:26:38,273 INFO  [Log] **************************************************************************************** 
2018-11-17 15:26:38,273 INFO  [Log] **************************************************************************************** 
2018-11-17 15:27:38,688 INFO  [Log] **************************************************************************************** 
2018-11-17 15:27:38,690 INFO  [Log] **************************************************************************************** 
2018-11-17 15:27:38,690 INFO  [Log] $$$$$$$$$$$$$$$$$$$$$                 Password_characters_TC07       $$$$$$$$$$$$$$$$$$$$$$$$$ 
2018-11-17 15:27:38,690 INFO  [Log] **************************************************************************************** 
2018-11-17 15:27:38,690 INFO  [Log] **************************************************************************************** 
2018-11-17 15:28:34,528 INFO  [Log] **************************************************************************************** 
2018-11-17 15:28:34,529 INFO  [Log] **************************************************************************************** 
2018-11-17 15:28:34,529 INFO  [Log] $$$$$$$$$$$$$$$$$$$$$                 Password_characters_TC07       $$$$$$$$$$$$$$$$$$$$$$$$$ 
2018-11-17 15:28:34,529 INFO  [Log] **************************************************************************************** 
2018-11-17 15:28:34,529 INFO  [Log] **************************************************************************************** 
2018-11-17 15:43:19,676 INFO  [Log] **************************************************************************************** 
2018-11-17 15:43:19,677 INFO  [Log] **************************************************************************************** 
2018-11-17 15:43:19,677 INFO  [Log] $$$$$$$$$$$$$$$$$$$$$                 Password_characters_TC07       $$$$$$$$$$$$$$$$$$$$$$$$$ 
2018-11-17 15:43:19,677 INFO  [Log] **************************************************************************************** 
2018-11-17 15:43:19,677 INFO  [Log] **************************************************************************************** 
2018-11-17 15:45:31,276 INFO  [Log] **************************************************************************************** 
2018-11-17 15:45:31,277 INFO  [Log] **************************************************************************************** 
2018-11-17 15:45:31,277 INFO  [Log] $$$$$$$$$$$$$$$$$$$$$                 Password_characters_TC07       $$$$$$$$$$$$$$$$$$$$$$$$$ 
2018-11-17 15:45:31,277 INFO  [Log] **************************************************************************************** 
2018-11-17 15:45:31,277 INFO  [Log] **************************************************************************************** 
2018-11-17 15:48:16,129 INFO  [Log] **************************************************************************************** 
2018-11-17 15:48:16,130 INFO  [Log] **************************************************************************************** 
2018-11-17 15:48:16,130 INFO  [Log] $$$$$$$$$$$$$$$$$$$$$                 Password_characters_TC07       $$$$$$$$$$$$$$$$$$$$$$$$$ 
2018-11-17 15:48:16,130 INFO  [Log] **************************************************************************************** 
2018-11-17 15:48:16,130 INFO  [Log] **************************************************************************************** 
2018-11-17 15:50:00,505 INFO  [Log] **************************************************************************************** 
2018-11-17 15:50:00,505 INFO  [Log] **************************************************************************************** 
2018-11-17 15:50:00,506 INFO  [Log] $$$$$$$$$$$$$$$$$$$$$                 Password_characters_TC07       $$$$$$$$$$$$$$$$$$$$$$$$$ 
2018-11-17 15:50:00,506 INFO  [Log] **************************************************************************************** 
2018-11-17 15:50:00,506 INFO  [Log] **************************************************************************************** 
2018-11-17 15:52:52,867 INFO  [Log] **************************************************************************************** 
2018-11-17 15:52:52,868 INFO  [Log] **************************************************************************************** 
2018-11-17 15:52:52,868 INFO  [Log] $$$$$$$$$$$$$$$$$$$$$                 Password_characters_TC07       $$$$$$$$$$$$$$$$$$$$$$$$$ 
2018-11-17 15:52:52,868 INFO  [Log] **************************************************************************************** 
2018-11-17 15:52:52,868 INFO  [Log] **************************************************************************************** 
2018-11-17 15:56:36,991 INFO  [Log] **************************************************************************************** 
2018-11-17 15:56:36,992 INFO  [Log] **************************************************************************************** 
2018-11-17 15:56:36,992 INFO  [Log] $$$$$$$$$$$$$$$$$$$$$                 Password_characters_TC07       $$$$$$$$$$$$$$$$$$$$$$$$$ 
2018-11-17 15:56:36,992 INFO  [Log] **************************************************************************************** 
2018-11-17 15:56:36,992 INFO  [Log] **************************************************************************************** 
2018-11-17 15:59:11,122 INFO  [Log] **************************************************************************************** 
2018-11-17 15:59:11,123 INFO  [Log] **************************************************************************************** 
2018-11-17 15:59:11,123 INFO  [Log] $$$$$$$$$$$$$$$$$$$$$                 Password_characters_TC07       $$$$$$$$$$$$$$$$$$$$$$$$$ 
2018-11-17 15:59:11,123 INFO  [Log] **************************************************************************************** 
2018-11-17 15:59:11,123 INFO  [Log] **************************************************************************************** 
2018-11-17 15:59:35,932 INFO  [Log] New driver instantiated 
2018-11-17 15:59:36,148 INFO  [Log] Implicit wait applied on the driver for 10 seconds 
2018-11-17 15:59:43,259 INFO  [Log] Web application launched successfully 
2018-11-17 15:59:44,545 INFO  [Log] **************************************************************************************** 
2018-11-17 15:59:44,545 INFO  [Log] **************************************************************************************** 
2018-11-17 15:59:44,545 INFO  [Log] $$$$$$$$$$$$$$$$$$$$$                 Password_characters_TC07       $$$$$$$$$$$$$$$$$$$$$$$$$ 
2018-11-17 15:59:44,545 INFO  [Log] **************************************************************************************** 
2018-11-17 15:59:44,545 INFO  [Log] **************************************************************************************** 
2018-11-17 15:59:46,395 INFO  [Log] cliked on register button 
2018-11-17 15:59:54,306 INFO  [Log] cliked on register button 
2018-11-17 15:59:54,561 INFO  [Log] 312Subodhmirgal@gmail.com 
2018-11-17 15:59:55,688 INFO  [Log] emaild entered 
2018-11-17 15:59:56,645 INFO  [Log] password enetered 
2018-11-17 15:59:57,761 INFO  [Log] registration submitted 
2018-11-17 15:59:57,970 INFO  [Log] minimum 8 character password required message displayed 
2018-11-17 15:59:58,267 INFO  [Log] XXXXXXXXXXXXXXXXXXXXXXX             -E---N---D-             XXXXXXXXXXXXXXXXXXXXXX 
2018-11-17 15:59:58,267 INFO  [Log] X 
2018-11-17 15:59:58,267 INFO  [Log] X 
2018-11-17 15:59:58,267 INFO  [Log] X 
2018-11-17 15:59:58,267 INFO  [Log] X 
2018-11-17 16:02:11,039 INFO  [Log] **************************************************************************************** 
2018-11-17 16:02:11,040 INFO  [Log] **************************************************************************************** 
2018-11-17 16:02:11,040 INFO  [Log] $$$$$$$$$$$$$$$$$$$$$                 Password_characters_TC07       $$$$$$$$$$$$$$$$$$$$$$$$$ 
2018-11-17 16:02:11,040 INFO  [Log] **************************************************************************************** 
2018-11-17 16:02:11,040 INFO  [Log] **************************************************************************************** 
2018-11-17 16:02:17,333 INFO  [Log] New driver instantiated 
2018-11-17 16:02:17,343 INFO  [Log] Implicit wait applied on the driver for 10 seconds 
2018-11-17 16:02:24,924 INFO  [Log] Web application launched successfully 
2018-11-17 16:02:26,061 INFO  [Log] **************************************************************************************** 
2018-11-17 16:02:26,062 INFO  [Log] **************************************************************************************** 
2018-11-17 16:02:26,062 INFO  [Log] $$$$$$$$$$$$$$$$$$$$$                 Password_characters_TC07       $$$$$$$$$$$$$$$$$$$$$$$$$ 
2018-11-17 16:02:26,062 INFO  [Log] **************************************************************************************** 
2018-11-17 16:02:26,062 INFO  [Log] **************************************************************************************** 
2018-11-17 16:02:26,252 INFO  [Log] cliked on register button 
2018-11-17 16:02:29,648 INFO  [Log] cliked on register button 
2018-11-17 16:02:29,958 INFO  [Log] 69Subodhmirgal@gmail.com 
2018-11-17 16:02:30,627 INFO  [Log] emaild entered 
2018-11-17 16:02:31,525 INFO  [Log] password enetered 
2018-11-17 16:02:32,144 INFO  [Log] registration submitted 
2018-11-17 16:02:32,603 INFO  [Log] minimum 8 character password required message displayed 
2018-11-17 16:02:32,782 INFO  [Log] XXXXXXXXXXXXXXXXXXXXXXX             -E---N---D-             XXXXXXXXXXXXXXXXXXXXXX 
2018-11-17 16:02:32,783 INFO  [Log] X 
2018-11-17 16:02:32,783 INFO  [Log] X 
2018-11-17 16:02:32,783 INFO  [Log] X 
2018-11-17 16:02:32,783 INFO  [Log] X 
2018-11-17 16:02:34,044 INFO  [Log] **************************************************************************************** 
2018-11-17 16:02:34,045 INFO  [Log] **************************************************************************************** 
2018-11-17 16:02:34,045 INFO  [Log] $$$$$$$$$$$$$$$$$$$$$                 Registration_TC01       $$$$$$$$$$$$$$$$$$$$$$$$$ 
2018-11-17 16:02:34,045 INFO  [Log] **************************************************************************************** 
2018-11-17 16:02:34,045 INFO  [Log] **************************************************************************************** 
2018-11-17 16:02:38,610 INFO  [Log] New driver instantiated 
2018-11-17 16:02:38,616 INFO  [Log] Implicit wait applied on the driver for 10 seconds 
2018-11-17 16:02:44,442 INFO  [Log] Web application launched successfully 
2018-11-17 16:02:45,604 INFO  [Log] **************************************************************************************** 
2018-11-17 16:02:45,604 INFO  [Log] **************************************************************************************** 
2018-11-17 16:02:45,605 INFO  [Log] $$$$$$$$$$$$$$$$$$$$$                 Registration_TC01       $$$$$$$$$$$$$$$$$$$$$$$$$ 
2018-11-17 16:02:45,605 INFO  [Log] **************************************************************************************** 
2018-11-17 16:02:45,605 INFO  [Log] **************************************************************************************** 
2018-11-17 16:02:45,797 INFO  [Log] cliked on register button 
2018-11-17 16:02:48,760 INFO  [Log] cliked on register button 
2018-11-17 16:02:48,886 INFO  [Log] 79Subodhmirgal@gmail.com 
2018-11-17 16:02:49,446 INFO  [Log] emaild entered 
2018-11-17 16:02:50,271 INFO  [Log] password enetered 
2018-11-17 16:02:51,267 INFO  [Log] registration submitted 
2018-11-17 16:02:52,615 INFO  [Log] male selected 
2018-11-17 16:02:54,044 INFO  [Log] title selected 
2018-11-17 16:02:56,961 INFO  [Log] XXXXXXXXXXXXXXXXXXXXXXX             -E---N---D-             XXXXXXXXXXXXXXXXXXXXXX 
2018-11-17 16:02:56,961 INFO  [Log] X 
2018-11-17 16:02:56,961 INFO  [Log] X 
2018-11-17 16:02:56,961 INFO  [Log] X 
2018-11-17 16:02:56,961 INFO  [Log] X 
2018-11-17 16:02:58,112 INFO  [Log] **************************************************************************************** 
2018-11-17 16:02:58,112 INFO  [Log] **************************************************************************************** 
2018-11-17 16:02:58,112 INFO  [Log] $$$$$$$$$$$$$$$$$$$$$                 ForgotPassword_TC06       $$$$$$$$$$$$$$$$$$$$$$$$$ 
2018-11-17 16:02:58,112 INFO  [Log] **************************************************************************************** 
2018-11-17 16:02:58,112 INFO  [Log] **************************************************************************************** 
2018-11-17 16:03:00,705 INFO  [Log] New driver instantiated 
2018-11-17 16:03:00,710 INFO  [Log] Implicit wait applied on the driver for 10 seconds 
2018-11-17 16:03:07,864 INFO  [Log] Web application launched successfully 
2018-11-17 16:03:09,012 INFO  [Log] **************************************************************************************** 
2018-11-17 16:03:09,012 INFO  [Log] **************************************************************************************** 
2018-11-17 16:03:09,012 INFO  [Log] $$$$$$$$$$$$$$$$$$$$$                 ForgotPassword_TC06       $$$$$$$$$$$$$$$$$$$$$$$$$ 
2018-11-17 16:03:09,012 INFO  [Log] **************************************************************************************** 
2018-11-17 16:03:09,012 INFO  [Log] **************************************************************************************** 
2018-11-17 16:03:09,361 INFO  [Log] cliked on register button 
2018-11-17 16:03:12,544 INFO  [Log] clicked on forgot password 
2018-11-17 16:03:13,193 INFO  [Log] email id enetered 
2018-11-17 16:03:13,905 INFO  [Log] email id sent button clicked 
2018-11-17 16:03:14,499 INFO  [Log] email id sent 
2018-11-17 16:03:14,697 INFO  [Log] XXXXXXXXXXXXXXXXXXXXXXX             -E---N---D-             XXXXXXXXXXXXXXXXXXXXXX 
2018-11-17 16:03:14,697 INFO  [Log] X 
2018-11-17 16:03:14,697 INFO  [Log] X 
2018-11-17 16:03:14,697 INFO  [Log] X 
2018-11-17 16:03:14,697 INFO  [Log] X 
2018-11-17 16:03:15,735 INFO  [Log] **************************************************************************************** 
2018-11-17 16:03:15,735 INFO  [Log] **************************************************************************************** 
2018-11-17 16:03:15,735 INFO  [Log] $$$$$$$$$$$$$$$$$$$$$                 Negative_TC02       $$$$$$$$$$$$$$$$$$$$$$$$$ 
2018-11-17 16:03:15,735 INFO  [Log] **************************************************************************************** 
2018-11-17 16:03:15,736 INFO  [Log] **************************************************************************************** 
2018-11-17 16:03:19,410 INFO  [Log] New driver instantiated 
2018-11-17 16:03:19,414 INFO  [Log] Implicit wait applied on the driver for 10 seconds 
2018-11-17 16:03:25,361 INFO  [Log] Web application launched successfully 
2018-11-17 16:03:26,498 INFO  [Log] **************************************************************************************** 
2018-11-17 16:03:26,498 INFO  [Log] **************************************************************************************** 
2018-11-17 16:03:26,498 INFO  [Log] $$$$$$$$$$$$$$$$$$$$$                 Negative_TC02       $$$$$$$$$$$$$$$$$$$$$$$$$ 
2018-11-17 16:03:26,498 INFO  [Log] **************************************************************************************** 
2018-11-17 16:03:26,498 INFO  [Log] **************************************************************************************** 
2018-11-17 16:03:26,774 INFO  [Log] cliked on register button 
2018-11-17 16:03:30,005 INFO  [Log] login id entered 
2018-11-17 16:03:30,829 INFO  [Log] password entered 
2018-11-17 16:03:31,165 INFO  [Log] clicked login button 
2018-11-17 16:03:31,601 INFO  [Log] IncorrectUserId password message 
2018-11-17 16:03:31,696 INFO  [Log] IncorrectUserID & password scenario passed 
2018-11-17 16:03:31,696 INFO  [Log] XXXXXXXXXXXXXXXXXXXXXXX             -E---N---D-             XXXXXXXXXXXXXXXXXXXXXX 
2018-11-17 16:03:31,697 INFO  [Log] X 
2018-11-17 16:03:31,697 INFO  [Log] X 
2018-11-17 16:03:31,697 INFO  [Log] X 
2018-11-17 16:03:31,697 INFO  [Log] X 
2018-11-17 16:03:32,682 INFO  [Log] **************************************************************************************** 
2018-11-17 16:03:32,683 INFO  [Log] **************************************************************************************** 
2018-11-17 16:03:32,683 INFO  [Log] $$$$$$$$$$$$$$$$$$$$$                 Negative_TC03       $$$$$$$$$$$$$$$$$$$$$$$$$ 
2018-11-17 16:03:32,683 INFO  [Log] **************************************************************************************** 
2018-11-17 16:03:32,683 INFO  [Log] **************************************************************************************** 
2018-11-17 16:03:35,293 INFO  [Log] New driver instantiated 
2018-11-17 16:03:35,298 INFO  [Log] Implicit wait applied on the driver for 10 seconds 
2018-11-17 16:03:42,185 INFO  [Log] Web application launched successfully 
2018-11-17 16:03:43,527 INFO  [Log] **************************************************************************************** 
2018-11-17 16:03:43,527 INFO  [Log] **************************************************************************************** 
2018-11-17 16:03:43,527 INFO  [Log] $$$$$$$$$$$$$$$$$$$$$                 Negative_TC03       $$$$$$$$$$$$$$$$$$$$$$$$$ 
2018-11-17 16:03:43,527 INFO  [Log] **************************************************************************************** 
2018-11-17 16:03:43,528 INFO  [Log] **************************************************************************************** 
2018-11-17 16:03:43,733 INFO  [Log] cliked on register button 
2018-11-17 16:03:47,241 INFO  [Log] login id entered 
2018-11-17 16:03:47,828 INFO  [Log] password entered 
2018-11-17 16:03:48,305 INFO  [Log] clicked login button 
2018-11-17 16:03:48,746 INFO  [Log] IncorrectUserId password message 
2018-11-17 16:03:48,899 INFO  [Log] IncorrectUserID & password scenario passed 
2018-11-17 16:03:48,900 INFO  [Log] XXXXXXXXXXXXXXXXXXXXXXX             -E---N---D-             XXXXXXXXXXXXXXXXXXXXXX 
2018-11-17 16:03:48,900 INFO  [Log] X 
2018-11-17 16:03:48,900 INFO  [Log] X 
2018-11-17 16:03:48,900 INFO  [Log] X 
2018-11-17 16:03:48,900 INFO  [Log] X 
2018-11-17 16:03:49,697 INFO  [Log] **************************************************************************************** 
2018-11-17 16:03:49,697 INFO  [Log] **************************************************************************************** 
2018-11-17 16:03:49,697 INFO  [Log] $$$$$$$$$$$$$$$$$$$$$                 Negative_TC04       $$$$$$$$$$$$$$$$$$$$$$$$$ 
2018-11-17 16:03:49,697 INFO  [Log] **************************************************************************************** 
2018-11-17 16:03:49,697 INFO  [Log] **************************************************************************************** 
2018-11-17 16:03:52,373 INFO  [Log] New driver instantiated 
2018-11-17 16:03:52,377 INFO  [Log] Implicit wait applied on the driver for 10 seconds 
2018-11-17 16:03:58,999 INFO  [Log] Web application launched successfully 
2018-11-17 16:04:00,173 INFO  [Log] **************************************************************************************** 
2018-11-17 16:04:00,173 INFO  [Log] **************************************************************************************** 
2018-11-17 16:04:00,173 INFO  [Log] $$$$$$$$$$$$$$$$$$$$$                 Negative_TC04       $$$$$$$$$$$$$$$$$$$$$$$$$ 
2018-11-17 16:04:00,173 INFO  [Log] **************************************************************************************** 
2018-11-17 16:04:00,173 INFO  [Log] **************************************************************************************** 
2018-11-17 16:04:00,410 INFO  [Log] cliked on register button 
2018-11-17 16:04:03,775 INFO  [Log] login id entered 
2018-11-17 16:04:04,570 INFO  [Log] password entered 
2018-11-17 16:04:04,723 INFO  [Log] clicked login button 
2018-11-17 16:04:05,055 INFO  [Log] blank password message 
2018-11-17 16:04:05,162 INFO  [Log] blank password scenario passed 
2018-11-17 16:04:05,162 INFO  [Log] XXXXXXXXXXXXXXXXXXXXXXX             -E---N---D-             XXXXXXXXXXXXXXXXXXXXXX 
2018-11-17 16:04:05,162 INFO  [Log] X 
2018-11-17 16:04:05,162 INFO  [Log] X 
2018-11-17 16:04:05,162 INFO  [Log] X 
2018-11-17 16:04:05,162 INFO  [Log] X 
2018-11-17 16:04:05,619 INFO  [Log] **************************************************************************************** 
2018-11-17 16:04:05,619 INFO  [Log] **************************************************************************************** 
2018-11-17 16:04:05,619 INFO  [Log] $$$$$$$$$$$$$$$$$$$$$                 Negative_TC05       $$$$$$$$$$$$$$$$$$$$$$$$$ 
2018-11-17 16:04:05,619 INFO  [Log] **************************************************************************************** 
2018-11-17 16:04:05,619 INFO  [Log] **************************************************************************************** 
2018-11-17 16:04:09,296 INFO  [Log] New driver instantiated 
2018-11-17 16:04:09,301 INFO  [Log] Implicit wait applied on the driver for 10 seconds 
2018-11-17 16:04:15,931 INFO  [Log] Web application launched successfully 
2018-11-17 16:04:17,056 INFO  [Log] **************************************************************************************** 
2018-11-17 16:04:17,056 INFO  [Log] **************************************************************************************** 
2018-11-17 16:04:17,056 INFO  [Log] $$$$$$$$$$$$$$$$$$$$$                 Negative_TC05       $$$$$$$$$$$$$$$$$$$$$$$$$ 
2018-11-17 16:04:17,056 INFO  [Log] **************************************************************************************** 
2018-11-17 16:04:17,056 INFO  [Log] **************************************************************************************** 
2018-11-17 16:04:17,308 INFO  [Log] cliked on register button 
2018-11-17 16:04:20,770 INFO  [Log] login id entered 
2018-11-17 16:04:20,943 INFO  [Log] password entered 
2018-11-17 16:04:21,451 INFO  [Log] clicked login button 
2018-11-17 16:04:21,682 INFO  [Log] blank userid message 
2018-11-17 16:04:21,810 INFO  [Log] blank userId scenario passed 
2018-11-17 16:04:21,811 INFO  [Log] XXXXXXXXXXXXXXXXXXXXXXX             -E---N---D-             XXXXXXXXXXXXXXXXXXXXXX 
2018-11-17 16:04:21,811 INFO  [Log] X 
2018-11-17 16:04:21,811 INFO  [Log] X 
2018-11-17 16:04:21,811 INFO  [Log] X 
2018-11-17 16:04:21,811 INFO  [Log] X 
2018-11-17 16:04:22,305 INFO  [Log] **************************************************************************************** 
2018-11-17 16:04:22,305 INFO  [Log] **************************************************************************************** 
2018-11-17 16:04:22,305 INFO  [Log] $$$$$$$$$$$$$$$$$$$$$                 Registration_TC01       $$$$$$$$$$$$$$$$$$$$$$$$$ 
2018-11-17 16:04:22,305 INFO  [Log] **************************************************************************************** 
2018-11-17 16:04:22,305 INFO  [Log] **************************************************************************************** 
2018-11-17 16:04:25,829 INFO  [Log] New driver instantiated 
2018-11-17 16:04:25,834 INFO  [Log] Implicit wait applied on the driver for 10 seconds 
2018-11-17 16:04:33,433 INFO  [Log] Web application launched successfully 
2018-11-17 16:04:34,740 INFO  [Log] **************************************************************************************** 
2018-11-17 16:04:34,740 INFO  [Log] **************************************************************************************** 
2018-11-17 16:04:34,740 INFO  [Log] $$$$$$$$$$$$$$$$$$$$$                 Registration_TC01       $$$$$$$$$$$$$$$$$$$$$$$$$ 
2018-11-17 16:04:34,740 INFO  [Log] **************************************************************************************** 
2018-11-17 16:04:34,740 INFO  [Log] **************************************************************************************** 
2018-11-17 16:04:34,948 INFO  [Log] cliked on register button 
2018-11-17 16:04:38,339 INFO  [Log] login id entered 
2018-11-17 16:04:39,066 INFO  [Log] password entered 
2018-11-17 16:04:39,553 INFO  [Log] clicked login button 
2018-11-17 16:04:41,141 INFO  [Log] logged in successfully :we are at home page 
2018-11-17 16:04:41,587 INFO  [Log] arrow clicked in successfully :we are at home page 
2018-11-17 16:04:41,716 INFO  [Log] sign out button clicked in successfully :we are at home page 
2018-11-17 16:04:41,827 INFO  [Log] Signed out successfully 
2018-11-17 16:04:41,827 INFO  [Log] XXXXXXXXXXXXXXXXXXXXXXX             -E---N---D-             XXXXXXXXXXXXXXXXXXXXXX 
2018-11-17 16:04:41,828 INFO  [Log] X 
2018-11-17 16:04:41,828 INFO  [Log] X 
2018-11-17 16:04:41,828 INFO  [Log] X 
2018-11-17 16:04:41,828 INFO  [Log] X 
